0 info it worked if it ends with ok
1 verbose cli [ 'node',
1 verbose cli   '/usr/local/bin/npm',
1 verbose cli   'install',
1 verbose cli   '-D',
1 verbose cli   'connect-',
1 verbose cli   'livereload',
1 verbose cli   'gulp',
1 verbose cli   'gulp-sass',
1 verbose cli   'tiny-lr' ]
2 info using npm@1.4.28
3 info using node@v0.10.32
4 warn package.json app@1.0.0 No description
5 warn package.json app@1.0.0 No repository field.
6 warn package.json app@1.0.0 No README data
7 verbose readDependencies using package.json deps
8 verbose cache add [ 'connect-', null ]
9 verbose cache add name=undefined spec="connect-" args=["connect-",null]
10 verbose parsed url { protocol: null,
10 verbose parsed url   slashes: null,
10 verbose parsed url   auth: null,
10 verbose parsed url   host: null,
10 verbose parsed url   port: null,
10 verbose parsed url   hostname: null,
10 verbose parsed url   hash: null,
10 verbose parsed url   search: null,
10 verbose parsed url   query: null,
10 verbose parsed url   pathname: 'connect-',
10 verbose parsed url   path: 'connect-',
10 verbose parsed url   href: 'connect-' }
11 verbose cache add [ 'livereload', null ]
12 verbose cache add name=undefined spec="livereload" args=["livereload",null]
13 verbose parsed url { protocol: null,
13 verbose parsed url   slashes: null,
13 verbose parsed url   auth: null,
13 verbose parsed url   host: null,
13 verbose parsed url   port: null,
13 verbose parsed url   hostname: null,
13 verbose parsed url   hash: null,
13 verbose parsed url   search: null,
13 verbose parsed url   query: null,
13 verbose parsed url   pathname: 'livereload',
13 verbose parsed url   path: 'livereload',
13 verbose parsed url   href: 'livereload' }
14 verbose cache add [ 'gulp', null ]
15 verbose cache add name=undefined spec="gulp" args=["gulp",null]
16 verbose parsed url { protocol: null,
16 verbose parsed url   slashes: null,
16 verbose parsed url   auth: null,
16 verbose parsed url   host: null,
16 verbose parsed url   port: null,
16 verbose parsed url   hostname: null,
16 verbose parsed url   hash: null,
16 verbose parsed url   search: null,
16 verbose parsed url   query: null,
16 verbose parsed url   pathname: 'gulp',
16 verbose parsed url   path: 'gulp',
16 verbose parsed url   href: 'gulp' }
17 verbose cache add [ 'gulp-sass', null ]
18 verbose cache add name=undefined spec="gulp-sass" args=["gulp-sass",null]
19 verbose parsed url { protocol: null,
19 verbose parsed url   slashes: null,
19 verbose parsed url   auth: null,
19 verbose parsed url   host: null,
19 verbose parsed url   port: null,
19 verbose parsed url   hostname: null,
19 verbose parsed url   hash: null,
19 verbose parsed url   search: null,
19 verbose parsed url   query: null,
19 verbose parsed url   pathname: 'gulp-sass',
19 verbose parsed url   path: 'gulp-sass',
19 verbose parsed url   href: 'gulp-sass' }
20 verbose cache add [ 'tiny-lr', null ]
21 verbose cache add name=undefined spec="tiny-lr" args=["tiny-lr",null]
22 verbose parsed url { protocol: null,
22 verbose parsed url   slashes: null,
22 verbose parsed url   auth: null,
22 verbose parsed url   host: null,
22 verbose parsed url   port: null,
22 verbose parsed url   hostname: null,
22 verbose parsed url   hash: null,
22 verbose parsed url   search: null,
22 verbose parsed url   query: null,
22 verbose parsed url   pathname: 'tiny-lr',
22 verbose parsed url   path: 'tiny-lr',
22 verbose parsed url   href: 'tiny-lr' }
23 silly lockFile f32fb041-connect connect-
24 verbose lock connect- /Users/shant3washere/.npm/f32fb041-connect.lock
25 silly lockFile 637023bd-livereload livereload
26 verbose lock livereload /Users/shant3washere/.npm/637023bd-livereload.lock
27 silly lockFile 9750c68d-gulp gulp
28 verbose lock gulp /Users/shant3washere/.npm/9750c68d-gulp.lock
29 silly lockFile 993318e6-gulp-sass gulp-sass
30 verbose lock gulp-sass /Users/shant3washere/.npm/993318e6-gulp-sass.lock
31 silly lockFile 6ad7e707-tiny-lr tiny-lr
32 verbose lock tiny-lr /Users/shant3washere/.npm/6ad7e707-tiny-lr.lock
33 silly lockFile f32fb041-connect connect-
34 silly lockFile f32fb041-connect connect-
35 silly lockFile 993318e6-gulp-sass gulp-sass
36 silly lockFile 993318e6-gulp-sass gulp-sass
37 silly lockFile 637023bd-livereload livereload
38 silly lockFile 637023bd-livereload livereload
39 silly lockFile 6ad7e707-tiny-lr tiny-lr
40 silly lockFile 6ad7e707-tiny-lr tiny-lr
41 verbose addNamed [ 'connect-', '' ]
42 verbose addNamed [ null, '*' ]
43 silly lockFile d28906bd-connect connect-@
44 verbose lock connect-@ /Users/shant3washere/.npm/d28906bd-connect.lock
45 silly lockFile 9750c68d-gulp gulp
46 silly lockFile 9750c68d-gulp gulp
47 verbose addNamed [ 'gulp-sass', '' ]
48 verbose addNamed [ null, '*' ]
49 silly lockFile 59b5e58d-gulp-sass gulp-sass@
50 verbose lock gulp-sass@ /Users/shant3washere/.npm/59b5e58d-gulp-sass.lock
51 verbose addNamed [ 'livereload', '' ]
52 verbose addNamed [ null, '*' ]
53 silly lockFile e40f56e4-livereload livereload@
54 verbose lock livereload@ /Users/shant3washere/.npm/e40f56e4-livereload.lock
55 verbose addNamed [ 'tiny-lr', '' ]
56 verbose addNamed [ null, '*' ]
57 silly lockFile 9538b4ab-tiny-lr tiny-lr@
58 verbose lock tiny-lr@ /Users/shant3washere/.npm/9538b4ab-tiny-lr.lock
59 verbose addNamed [ 'gulp', '' ]
60 verbose addNamed [ null, '*' ]
61 silly lockFile 72f4391e-gulp gulp@
62 verbose lock gulp@ /Users/shant3washere/.npm/72f4391e-gulp.lock
63 silly addNameRange { name: 'connect-', range: '*', hasData: false }
64 silly addNameRange { name: 'gulp-sass', range: '*', hasData: false }
65 silly addNameRange { name: 'livereload', range: '*', hasData: false }
66 verbose request where is /connect-
67 verbose request registry https://registry.npmjs.org/
68 verbose request id 00f0b2c06696b546
69 verbose url raw /connect-
70 verbose url resolving [ 'https://registry.npmjs.org/', './connect-' ]
71 verbose url resolved https://registry.npmjs.org/connect-
72 verbose request where is https://registry.npmjs.org/connect-
73 info trying registry request attempt 1 at 10:29:15
74 http GET https://registry.npmjs.org/connect-
75 silly addNameRange { name: 'tiny-lr', range: '*', hasData: false }
76 silly addNameRange { name: 'gulp', range: '*', hasData: false }
77 verbose request where is /gulp-sass
78 verbose request registry https://registry.npmjs.org/
79 verbose url raw /gulp-sass
80 verbose url resolving [ 'https://registry.npmjs.org/', './gulp-sass' ]
81 verbose url resolved https://registry.npmjs.org/gulp-sass
82 verbose request where is https://registry.npmjs.org/gulp-sass
83 info trying registry request attempt 1 at 10:29:15
84 verbose etag "3YO14ZN5F9PEQXPJ9C4QC3PX8"
85 http GET https://registry.npmjs.org/gulp-sass
86 verbose request where is /livereload
87 verbose request registry https://registry.npmjs.org/
88 verbose url raw /livereload
89 verbose url resolving [ 'https://registry.npmjs.org/', './livereload' ]
90 verbose url resolved https://registry.npmjs.org/livereload
91 verbose request where is https://registry.npmjs.org/livereload
92 info trying registry request attempt 1 at 10:29:15
93 verbose etag "9AYIFWJ9YREJAUNUC3VPORYRJ"
94 http GET https://registry.npmjs.org/livereload
95 verbose request where is /tiny-lr
96 verbose request registry https://registry.npmjs.org/
97 verbose url raw /tiny-lr
98 verbose url resolving [ 'https://registry.npmjs.org/', './tiny-lr' ]
99 verbose url resolved https://registry.npmjs.org/tiny-lr
100 verbose request where is https://registry.npmjs.org/tiny-lr
101 info trying registry request attempt 1 at 10:29:15
102 verbose etag "SUQ9EFCZXUPP06525DG2QSFL"
103 http GET https://registry.npmjs.org/tiny-lr
104 verbose request where is /gulp
105 verbose request registry https://registry.npmjs.org/
106 verbose url raw /gulp
107 verbose url resolving [ 'https://registry.npmjs.org/', './gulp' ]
108 verbose url resolved https://registry.npmjs.org/gulp
109 verbose request where is https://registry.npmjs.org/gulp
110 info trying registry request attempt 1 at 10:29:16
111 verbose etag "DY1DPW1GI2SCGONP9ZHVEVU2L"
112 http GET https://registry.npmjs.org/gulp
113 http 304 https://registry.npmjs.org/tiny-lr
114 silly registry.get cb [ 304,
114 silly registry.get   { date: 'Sat, 29 Nov 2014 20:29:16 GMT',
114 silly registry.get     server: 'Apache',
114 silly registry.get     via: '1.1 varnish',
114 silly registry.get     'last-modified': 'Sat, 29 Nov 2014 20:29:16 GMT',
114 silly registry.get     'cache-control': 'max-age=60',
114 silly registry.get     etag: '"SUQ9EFCZXUPP06525DG2QSFL"',
114 silly registry.get     age: '37',
114 silly registry.get     'x-served-by': 'cache-lax1429-LAX',
114 silly registry.get     'x-cache': 'HIT',
114 silly registry.get     'x-cache-hits': '1',
114 silly registry.get     'x-timer': 'S1417292956.519204,VS0,VE0',
114 silly registry.get     vary: 'Accept',
114 silly registry.get     'content-length': '0',
114 silly registry.get     'keep-alive': 'timeout=10, max=50',
114 silly registry.get     connection: 'Keep-Alive' } ]
115 verbose etag https://registry.npmjs.org/tiny-lr from cache
116 http 304 https://registry.npmjs.org/livereload
117 silly registry.get cb [ 304,
117 silly registry.get   { date: 'Sat, 29 Nov 2014 20:29:16 GMT',
117 silly registry.get     server: 'Apache',
117 silly registry.get     via: '1.1 varnish',
117 silly registry.get     'last-modified': 'Sat, 29 Nov 2014 20:29:16 GMT',
117 silly registry.get     'cache-control': 'max-age=60',
117 silly registry.get     etag: '"9AYIFWJ9YREJAUNUC3VPORYRJ"',
117 silly registry.get     age: '37',
117 silly registry.get     'x-served-by': 'cache-lax1425-LAX',
117 silly registry.get     'x-cache': 'HIT',
117 silly registry.get     'x-cache-hits': '1',
117 silly registry.get     'x-timer': 'S1417292956.525389,VS0,VE0',
117 silly registry.get     vary: 'Accept',
117 silly registry.get     'content-length': '0',
117 silly registry.get     'keep-alive': 'timeout=10, max=50',
117 silly registry.get     connection: 'Keep-Alive' } ]
118 verbose etag https://registry.npmjs.org/livereload from cache
119 http 304 https://registry.npmjs.org/gulp
120 silly registry.get cb [ 304,
120 silly registry.get   { date: 'Sat, 29 Nov 2014 20:29:16 GMT',
120 silly registry.get     server: 'Apache',
120 silly registry.get     via: '1.1 varnish',
120 silly registry.get     'last-modified': 'Sat, 29 Nov 2014 20:29:16 GMT',
120 silly registry.get     'cache-control': 'max-age=60',
120 silly registry.get     etag: '"DY1DPW1GI2SCGONP9ZHVEVU2L"',
120 silly registry.get     age: '11',
120 silly registry.get     'x-served-by': 'cache-lax1421-LAX',
120 silly registry.get     'x-cache': 'HIT',
120 silly registry.get     'x-cache-hits': '1',
120 silly registry.get     'x-timer': 'S1417292956.527613,VS0,VE0',
120 silly registry.get     vary: 'Accept',
120 silly registry.get     'content-length': '0',
120 silly registry.get     'keep-alive': 'timeout=10, max=50',
120 silly registry.get     connection: 'Keep-Alive' } ]
121 verbose etag https://registry.npmjs.org/gulp from cache
122 http 304 https://registry.npmjs.org/gulp-sass
123 silly registry.get cb [ 304,
123 silly registry.get   { date: 'Sat, 29 Nov 2014 20:29:16 GMT',
123 silly registry.get     server: 'Apache',
123 silly registry.get     via: '1.1 varnish',
123 silly registry.get     'last-modified': 'Sat, 29 Nov 2014 20:28:39 GMT',
123 silly registry.get     'cache-control': 'max-age=60',
123 silly registry.get     etag: '"3YO14ZN5F9PEQXPJ9C4QC3PX8"',
123 silly registry.get     age: '37',
123 silly registry.get     'x-served-by': 'cache-lax1431-LAX',
123 silly registry.get     'x-cache': 'HIT',
123 silly registry.get     'x-cache-hits': '2',
123 silly registry.get     'x-timer': 'S1417292956.528446,VS0,VE0',
123 silly registry.get     vary: 'Accept',
123 silly registry.get     'content-length': '0',
123 silly registry.get     'keep-alive': 'timeout=10, max=50',
123 silly registry.get     connection: 'Keep-Alive' } ]
124 verbose etag https://registry.npmjs.org/gulp-sass from cache
125 silly addNameRange number 2 { name: 'tiny-lr', range: '*', hasData: true }
126 silly addNameRange versions [ 'tiny-lr',
126 silly addNameRange   [ '0.0.1',
126 silly addNameRange     '0.0.2',
126 silly addNameRange     '0.0.3',
126 silly addNameRange     '0.0.4',
126 silly addNameRange     '0.0.5',
126 silly addNameRange     '0.0.7',
126 silly addNameRange     '0.0.8',
126 silly addNameRange     '0.0.9',
126 silly addNameRange     '0.1.0',
126 silly addNameRange     '0.1.1',
126 silly addNameRange     '0.1.3',
126 silly addNameRange     '0.1.4' ] ]
127 verbose addNamed [ 'tiny-lr', '0.1.4' ]
128 verbose addNamed [ '0.1.4', '0.1.4' ]
129 silly lockFile f28b0f88-tiny-lr-0-1-4 tiny-lr@0.1.4
130 verbose lock tiny-lr@0.1.4 /Users/shant3washere/.npm/f28b0f88-tiny-lr-0-1-4.lock
131 silly addNameRange number 2 { name: 'livereload', range: '*', hasData: true }
132 silly addNameRange versions [ 'livereload', [ '0.3.4' ] ]
133 verbose addNamed [ 'livereload', '0.3.4' ]
134 verbose addNamed [ '0.3.4', '0.3.4' ]
135 silly lockFile 4e450db1-livereload-0-3-4 livereload@0.3.4
136 verbose lock livereload@0.3.4 /Users/shant3washere/.npm/4e450db1-livereload-0-3-4.lock
137 silly addNameRange number 2 { name: 'gulp', range: '*', hasData: true }
138 silly addNameRange versions [ 'gulp',
138 silly addNameRange   [ '0.0.1',
138 silly addNameRange     '0.0.2',
138 silly addNameRange     '0.0.3',
138 silly addNameRange     '0.0.4',
138 silly addNameRange     '0.0.5',
138 silly addNameRange     '0.0.7',
138 silly addNameRange     '0.0.8',
138 silly addNameRange     '0.0.9',
138 silly addNameRange     '0.1.0',
138 silly addNameRange     '0.2.0',
138 silly addNameRange     '1.0.0',
138 silly addNameRange     '1.1.0',
138 silly addNameRange     '1.2.0',
138 silly addNameRange     '1.2.1',
138 silly addNameRange     '2.0.0',
138 silly addNameRange     '2.0.1',
138 silly addNameRange     '2.1.0',
138 silly addNameRange     '2.2.0',
138 silly addNameRange     '2.3.0',
138 silly addNameRange     '2.4.0',
138 silly addNameRange     '2.4.1',
138 silly addNameRange     '2.6.0',
138 silly addNameRange     '2.6.1',
138 silly addNameRange     '2.7.0',
138 silly addNameRange     '3.0.0',
138 silly addNameRange     '3.1.1',
138 silly addNameRange     '3.1.2',
138 silly addNameRange     '3.1.3',
138 silly addNameRange     '3.1.4',
138 silly addNameRange     '3.2.0',
138 silly addNameRange     '3.2.1',
138 silly addNameRange     '3.2.2',
138 silly addNameRange     '3.2.3',
138 silly addNameRange     '3.2.4',
138 silly addNameRange     '3.2.5',
138 silly addNameRange     '3.3.0',
138 silly addNameRange     '3.3.1',
138 silly addNameRange     '3.3.2',
138 silly addNameRange     '3.3.4',
138 silly addNameRange     '3.4.0',
138 silly addNameRange     '3.5.0',
138 silly addNameRange     '3.5.1',
138 silly addNameRange     '3.5.2',
138 silly addNameRange     '3.5.5',
138 silly addNameRange     '3.5.6',
138 silly addNameRange     '3.6.0',
138 silly addNameRange     '3.6.1',
138 silly addNameRange     '3.6.2',
138 silly addNameRange     '3.7.0',
138 silly addNameRange     '3.8.0',
138 silly addNameRange     '3.8.1',
138 silly addNameRange     '3.8.2',
138 silly addNameRange     '3.8.3',
138 silly addNameRange     '3.8.4',
138 silly addNameRange     '3.8.5',
138 silly addNameRange     '3.8.6',
138 silly addNameRange     '3.8.7',
138 silly addNameRange     '3.8.8',
138 silly addNameRange     '3.8.9',
138 silly addNameRange     '3.8.10' ] ]
139 verbose addNamed [ 'gulp', '3.8.10' ]
140 verbose addNamed [ '3.8.10', '3.8.10' ]
141 silly lockFile f843d0d7-gulp-3-8-10 gulp@3.8.10
142 verbose lock gulp@3.8.10 /Users/shant3washere/.npm/f843d0d7-gulp-3-8-10.lock
143 silly addNameRange number 2 { name: 'gulp-sass', range: '*', hasData: true }
144 silly addNameRange versions [ 'gulp-sass',
144 silly addNameRange   [ '0.1.0',
144 silly addNameRange     '0.2.1',
144 silly addNameRange     '0.2.2',
144 silly addNameRange     '0.2.3',
144 silly addNameRange     '0.3.0',
144 silly addNameRange     '0.4.0',
144 silly addNameRange     '0.4.1',
144 silly addNameRange     '0.5.0',
144 silly addNameRange     '0.5.1',
144 silly addNameRange     '0.5.2',
144 silly addNameRange     '0.6.0',
144 silly addNameRange     '0.7.0',
144 silly addNameRange     '0.7.1',
144 silly addNameRange     '0.7.2',
144 silly addNameRange     '0.7.3',
144 silly addNameRange     '1.0.0',
144 silly addNameRange     '1.1.0',
144 silly addNameRange     '1.2.0',
144 silly addNameRange     '1.2.1',
144 silly addNameRange     '1.2.2',
144 silly addNameRange     '1.2.3' ] ]
145 verbose addNamed [ 'gulp-sass', '1.1.0' ]
146 verbose addNamed [ '1.1.0', '1.1.0' ]
147 silly lockFile 62bf0651-gulp-sass-1-1-0 gulp-sass@1.1.0
148 verbose lock gulp-sass@1.1.0 /Users/shant3washere/.npm/62bf0651-gulp-sass-1-1-0.lock
149 silly lockFile f28b0f88-tiny-lr-0-1-4 tiny-lr@0.1.4
150 silly lockFile f28b0f88-tiny-lr-0-1-4 tiny-lr@0.1.4
151 silly lockFile 4e450db1-livereload-0-3-4 livereload@0.3.4
152 silly lockFile 4e450db1-livereload-0-3-4 livereload@0.3.4
153 silly lockFile f843d0d7-gulp-3-8-10 gulp@3.8.10
154 silly lockFile f843d0d7-gulp-3-8-10 gulp@3.8.10
155 silly lockFile 9538b4ab-tiny-lr tiny-lr@
156 silly lockFile 9538b4ab-tiny-lr tiny-lr@
157 silly lockFile e40f56e4-livereload livereload@
158 silly lockFile e40f56e4-livereload livereload@
159 silly lockFile 72f4391e-gulp gulp@
160 silly lockFile 72f4391e-gulp gulp@
161 silly lockFile 62bf0651-gulp-sass-1-1-0 gulp-sass@1.1.0
162 silly lockFile 62bf0651-gulp-sass-1-1-0 gulp-sass@1.1.0
163 silly lockFile 59b5e58d-gulp-sass gulp-sass@
164 silly lockFile 59b5e58d-gulp-sass gulp-sass@
165 http 404 https://registry.npmjs.org/connect-
166 verbose headers { date: 'Sat, 29 Nov 2014 20:29:16 GMT',
166 verbose headers   server: 'CouchDB/1.5.0 (Erlang OTP/R14B04)',
166 verbose headers   'content-type': 'application/json',
166 verbose headers   'cache-control': 'max-age=0',
166 verbose headers   'content-length': '52',
166 verbose headers   'accept-ranges': 'bytes',
166 verbose headers   via: '1.1 varnish',
166 verbose headers   age: '0',
166 verbose headers   'x-served-by': 'cache-lax1433-LAX',
166 verbose headers   'x-cache': 'MISS',
166 verbose headers   'x-cache-hits': '0',
166 verbose headers   'x-timer': 'S1417292956.516293,VS0,VE316',
166 verbose headers   'keep-alive': 'timeout=10, max=50',
166 verbose headers   connection: 'Keep-Alive' }
167 silly registry.get cb [ 404,
167 silly registry.get   { date: 'Sat, 29 Nov 2014 20:29:16 GMT',
167 silly registry.get     server: 'CouchDB/1.5.0 (Erlang OTP/R14B04)',
167 silly registry.get     'content-type': 'application/json',
167 silly registry.get     'cache-control': 'max-age=0',
167 silly registry.get     'content-length': '52',
167 silly registry.get     'accept-ranges': 'bytes',
167 silly registry.get     via: '1.1 varnish',
167 silly registry.get     age: '0',
167 silly registry.get     'x-served-by': 'cache-lax1433-LAX',
167 silly registry.get     'x-cache': 'MISS',
167 silly registry.get     'x-cache-hits': '0',
167 silly registry.get     'x-timer': 'S1417292956.516293,VS0,VE316',
167 silly registry.get     'keep-alive': 'timeout=10, max=50',
167 silly registry.get     connection: 'Keep-Alive' } ]
168 silly lockFile d28906bd-connect connect-@
169 silly lockFile d28906bd-connect connect-@
170 error 404 404 Not Found: connect-
170 error 404
170 error 404 'connect-' is not in the npm registry.
170 error 404 You should bug the author to publish it
170 error 404 It was specified as a dependency of 'app'
170 error 404
170 error 404 Note that you can also install from a
170 error 404 tarball, folder, or http url, or git url.
171 error System Darwin 13.4.0
172 error command "node" "/usr/local/bin/npm" "install" "-D" "connect-" "livereload" "gulp" "gulp-sass" "tiny-lr"
173 error cwd /Users/shant3washere/Devleague/FlappyApp/app
174 error node -v v0.10.32
175 error npm -v 1.4.28
176 error code E404
177 verbose exit [ 1, true ]
